<?xml version="1.0" encoding="UTF-8"?>
<testng-results ignored="0" total="3" passed="3" failed="0" skipped="0">
  <reporter-output>
  </reporter-output>
  <suite started-at="2024-02-28T09:29:48 CST" name="Register account and Login Suite" finished-at="2024-02-28T09:30:27 CST" duration-ms="38614">
    <groups>
    </groups>
    <test started-at="2024-02-28T09:29:48 CST" name="HomeTest" finished-at="2024-02-28T09:30:01 CST" duration-ms="12973">
      <class name="demo.opencart.testCases.TC001_HomeTest">
        <test-method is-config="true" signature="setup()[pri:0, instance:demo.opencart.testCases.TC001_HomeTest@62679465]" started-at="2024-02-28T09:29:48 CST" name="setup" finished-at="2024-02-28T09:29:58 CST" duration-ms="10235" status="PASS">
          <reporter-output>
          </reporter-output>
        </test-method> <!-- setup -->
        <test-method signature="navigateToRegisterAccountPage()[pri:0, instance:demo.opencart.testCases.TC001_HomeTest@62679465]" started-at="2024-02-28T09:29:58 CST" name="navigateToRegisterAccountPage" finished-at="2024-02-28T09:30:01 CST" duration-ms="2293" status="PASS">
          <reporter-output>
          </reporter-output>
        </test-method> <!-- navigateToRegisterAccountPage -->
        <test-method is-config="true" signature="tearDown()[pri:0, instance:demo.opencart.testCases.TC001_HomeTest@62679465]" started-at="2024-02-28T09:30:01 CST" name="tearDown" finished-at="2024-02-28T09:30:01 CST" duration-ms="306" status="PASS">
          <reporter-output>
          </reporter-output>
        </test-method> <!-- tearDown -->
      </class> <!-- demo.opencart.testCases.TC001_HomeTest -->
    </test> <!-- HomeTest -->
    <test started-at="2024-02-28T09:30:01 CST" name="RegisterAccountTest" finished-at="2024-02-28T09:30:15 CST" duration-ms="13596">
      <class name="demo.opencart.testCases.TC002_RegisterAccountTest">
        <test-method is-config="true" signature="setup()[pri:0, instance:demo.opencart.testCases.TC002_RegisterAccountTest@674c583e]" started-at="2024-02-28T09:30:01 CST" name="setup" finished-at="2024-02-28T09:30:09 CST" duration-ms="8148" status="PASS">
          <reporter-output>
          </reporter-output>
        </test-method> <!-- setup -->
        <test-method signature="verifyRegisterAccountFunctionality(java.lang.String,java.lang.String,java.lang.String,java.lang.String,java.lang.String,java.lang.String)[pri:0, instance:demo.opencart.testCases.TC002_RegisterAccountTest@674c583e]" started-at="2024-02-28T09:30:10 CST" name="verifyRegisterAccountFunctionality" data-provider="Data" finished-at="2024-02-28T09:30:15 CST" duration-ms="4481" status="PASS">
          <params>
            <param index="0">
              <value>
                <![CDATA[musta]]>
              </value>
            </param>
            <param index="1">
              <value>
                <![CDATA[qa]]>
              </value>
            </param>
            <param index="2">
              <value>
                <![CDATA[mustaqa@gmail.com]]>
              </value>
            </param>
            <param index="3">
              <value>
                <![CDATA[94920]]>
              </value>
            </param>
            <param index="4">
              <value>
                <![CDATA[qamusta]]>
              </value>
            </param>
            <param index="5">
              <value>
                <![CDATA[qamusta]]>
              </value>
            </param>
          </params>
          <reporter-output>
          </reporter-output>
        </test-method> <!-- verifyRegisterAccountFunctionality -->
        <test-method is-config="true" signature="tearDown()[pri:0, instance:demo.opencart.testCases.TC002_RegisterAccountTest@674c583e]" started-at="2024-02-28T09:30:15 CST" name="tearDown" finished-at="2024-02-28T09:30:15 CST" duration-ms="278" status="PASS">
          <reporter-output>
          </reporter-output>
        </test-method> <!-- tearDown -->
      </class> <!-- demo.opencart.testCases.TC002_RegisterAccountTest -->
    </test> <!-- RegisterAccountTest -->
    <test started-at="2024-02-28T09:30:15 CST" name="LoginTest" finished-at="2024-02-28T09:30:27 CST" duration-ms="11719">
      <class name="demo.opencart.testCases.TC003_LoginTest">
        <test-method is-config="true" signature="setup()[pri:0, instance:demo.opencart.testCases.TC003_LoginTest@61861a29]" started-at="2024-02-28T09:30:15 CST" name="setup" finished-at="2024-02-28T09:30:24 CST" duration-ms="8839" status="PASS">
          <reporter-output>
          </reporter-output>
        </test-method> <!-- setup -->
        <test-method signature="verifyLoginFunctionality()[pri:0, instance:demo.opencart.testCases.TC003_LoginTest@61861a29]" started-at="2024-02-28T09:30:24 CST" name="verifyLoginFunctionality" finished-at="2024-02-28T09:30:26 CST" duration-ms="2566" status="PASS">
          <reporter-output>
          </reporter-output>
        </test-method> <!-- verifyLoginFunctionality -->
        <test-method is-config="true" signature="tearDown()[pri:0, instance:demo.opencart.testCases.TC003_LoginTest@61861a29]" started-at="2024-02-28T09:30:26 CST" name="tearDown" finished-at="2024-02-28T09:30:27 CST" duration-ms="313" status="PASS">
          <reporter-output>
          </reporter-output>
        </test-method> <!-- tearDown -->
      </class> <!-- demo.opencart.testCases.TC003_LoginTest -->
    </test> <!-- LoginTest -->
  </suite> <!-- Register account and Login Suite -->
</testng-results>
