<?xml version="1.0" encoding="UTF-8"?>
<testng-results ignored="0" total="3" passed="3" failed="0" skipped="0">
  <reporter-output>
  </reporter-output>
  <suite started-at="2024-02-28T09:11:12 CST" name="Register account and Login Suite" finished-at="2024-02-28T09:12:04 CST" duration-ms="51587">
    <groups>
    </groups>
    <test started-at="2024-02-28T09:11:12 CST" name="HomeTest" finished-at="2024-02-28T09:11:34 CST" duration-ms="22320">
      <class name="demo.opencart.testCases.TC001_HomeTest">
        <test-method is-config="true" signature="setup()[pri:0, instance:demo.opencart.testCases.TC001_HomeTest@5ae81e1]" started-at="2024-02-28T09:11:12 CST" name="setup" finished-at="2024-02-28T09:11:29 CST" duration-ms="17063" status="PASS">
          <reporter-output>
          </reporter-output>
        </test-method> <!-- setup -->
        <test-method signature="navigateToRegisterAccountPage()[pri:0, instance:demo.opencart.testCases.TC001_HomeTest@5ae81e1]" started-at="2024-02-28T09:11:29 CST" name="navigateToRegisterAccountPage" finished-at="2024-02-28T09:11:34 CST" duration-ms="4766" status="PASS">
          <reporter-output>
          </reporter-output>
        </test-method> <!-- navigateToRegisterAccountPage -->
        <test-method is-config="true" signature="tearDown()[pri:0, instance:demo.opencart.testCases.TC001_HomeTest@5ae81e1]" started-at="2024-02-28T09:11:34 CST" name="tearDown" finished-at="2024-02-28T09:11:34 CST" duration-ms="345" status="PASS">
          <reporter-output>
          </reporter-output>
        </test-method> <!-- tearDown -->
      </class> <!-- demo.opencart.testCases.TC001_HomeTest -->
    </test> <!-- HomeTest -->
    <test started-at="2024-02-28T09:11:35 CST" name="RegisterAccountTest" finished-at="2024-02-28T09:11:49 CST" duration-ms="14246">
      <class name="demo.opencart.testCases.TC002_RegisterAccountTest">
        <test-method is-config="true" signature="setup()[pri:0, instance:demo.opencart.testCases.TC002_RegisterAccountTest@6691490c]" started-at="2024-02-28T09:11:35 CST" name="setup" finished-at="2024-02-28T09:11:43 CST" duration-ms="8065" status="PASS">
          <reporter-output>
          </reporter-output>
        </test-method> <!-- setup -->
        <test-method signature="verifyRegisterAccountFunctionality(java.lang.String,java.lang.String,java.lang.String,java.lang.String,java.lang.String,java.lang.String)[pri:0, instance:demo.opencart.testCases.TC002_RegisterAccountTest@6691490c]" started-at="2024-02-28T09:11:43 CST" name="verifyRegisterAccountFunctionality" data-provider="Data" finished-at="2024-02-28T09:11:49 CST" duration-ms="5112" status="PASS">
          <params>
            <param index="0">
              <value>
                <![CDATA[musta]]>
              </value>
            </param>
            <param index="1">
              <value>
                <![CDATA[qa]]>
              </value>
            </param>
            <param index="2">
              <value>
                <![CDATA[mustaqa@gmail.com]]>
              </value>
            </param>
            <param index="3">
              <value>
                <![CDATA[94920]]>
              </value>
            </param>
            <param index="4">
              <value>
                <![CDATA[qamusta]]>
              </value>
            </param>
            <param index="5">
              <value>
                <![CDATA[qamusta]]>
              </value>
            </param>
          </params>
          <reporter-output>
          </reporter-output>
        </test-method> <!-- verifyRegisterAccountFunctionality -->
        <test-method is-config="true" signature="tearDown()[pri:0, instance:demo.opencart.testCases.TC002_RegisterAccountTest@6691490c]" started-at="2024-02-28T09:11:49 CST" name="tearDown" finished-at="2024-02-28T09:11:49 CST" duration-ms="322" status="PASS">
          <reporter-output>
          </reporter-output>
        </test-method> <!-- tearDown -->
      </class> <!-- demo.opencart.testCases.TC002_RegisterAccountTest -->
    </test> <!-- RegisterAccountTest -->
    <test started-at="2024-02-28T09:11:49 CST" name="LoginTest" finished-at="2024-02-28T09:12:04 CST" duration-ms="14710">
      <class name="demo.opencart.testCases.TC003_LoginTest">
        <test-method is-config="true" signature="setup()[pri:0, instance:demo.opencart.testCases.TC003_LoginTest@4de025bf]" started-at="2024-02-28T09:11:49 CST" name="setup" finished-at="2024-02-28T09:12:01 CST" duration-ms="12357" status="PASS">
          <reporter-output>
          </reporter-output>
        </test-method> <!-- setup -->
        <test-method signature="verifyLoginFunctionality()[pri:0, instance:demo.opencart.testCases.TC003_LoginTest@4de025bf]" started-at="2024-02-28T09:12:01 CST" name="verifyLoginFunctionality" finished-at="2024-02-28T09:12:03 CST" duration-ms="2040" status="PASS">
          <reporter-output>
          </reporter-output>
        </test-method> <!-- verifyLoginFunctionality -->
        <test-method is-config="true" signature="tearDown()[pri:0, instance:demo.opencart.testCases.TC003_LoginTest@4de025bf]" started-at="2024-02-28T09:12:03 CST" name="tearDown" finished-at="2024-02-28T09:12:04 CST" duration-ms="310" status="PASS">
          <reporter-output>
          </reporter-output>
        </test-method> <!-- tearDown -->
      </class> <!-- demo.opencart.testCases.TC003_LoginTest -->
    </test> <!-- LoginTest -->
  </suite> <!-- Register account and Login Suite -->
</testng-results>
