<?xml version="1.0" encoding="UTF-8"?>
<testng-results ignored="0" total="3" passed="3" failed="0" skipped="0">
  <reporter-output>
  </reporter-output>
  <suite started-at="2024-02-29T10:37:55 CST" name="Register account and Login Suite" finished-at="2024-02-29T10:38:21 CST" duration-ms="26693">
    <groups>
    </groups>
    <test started-at="2024-02-29T10:37:55 CST" name="HomeTest" finished-at="2024-02-29T10:38:04 CST" duration-ms="9376">
      <class name="demo.opencart.testCases.TC001_HomeTest">
        <test-method is-config="true" signature="setup()[pri:0, instance:demo.opencart.testCases.TC001_HomeTest@759fad4]" started-at="2024-02-29T10:37:55 CST" name="setup" finished-at="2024-02-29T10:38:02 CST" duration-ms="7599" status="PASS">
          <reporter-output>
          </reporter-output>
        </test-method> <!-- setup -->
        <test-method signature="navigateToRegisterAccountPage()[pri:0, instance:demo.opencart.testCases.TC001_HomeTest@759fad4]" started-at="2024-02-29T10:38:02 CST" name="navigateToRegisterAccountPage" finished-at="2024-02-29T10:38:04 CST" duration-ms="1249" status="PASS">
          <reporter-output>
          </reporter-output>
        </test-method> <!-- navigateToRegisterAccountPage -->
        <test-method is-config="true" signature="tearDown()[pri:0, instance:demo.opencart.testCases.TC001_HomeTest@759fad4]" started-at="2024-02-29T10:38:04 CST" name="tearDown" finished-at="2024-02-29T10:38:04 CST" duration-ms="390" status="PASS">
          <reporter-output>
          </reporter-output>
        </test-method> <!-- tearDown -->
      </class> <!-- demo.opencart.testCases.TC001_HomeTest -->
    </test> <!-- HomeTest -->
    <test started-at="2024-02-29T10:38:04 CST" name="RegisterAccountTest" finished-at="2024-02-29T10:38:14 CST" duration-ms="9544">
      <class name="demo.opencart.testCases.TC002_RegisterAccountTest">
        <test-method is-config="true" signature="setup()[pri:0, instance:demo.opencart.testCases.TC002_RegisterAccountTest@7e70bd39]" started-at="2024-02-29T10:38:04 CST" name="setup" finished-at="2024-02-29T10:38:09 CST" duration-ms="5021" status="PASS">
          <reporter-output>
          </reporter-output>
        </test-method> <!-- setup -->
        <test-method signature="verifyRegisterAccountFunctionality(java.lang.String,java.lang.String,java.lang.String,java.lang.String,java.lang.String,java.lang.String)[pri:0, instance:demo.opencart.testCases.TC002_RegisterAccountTest@7e70bd39]" started-at="2024-02-29T10:38:10 CST" name="verifyRegisterAccountFunctionality" data-provider="Data" finished-at="2024-02-29T10:38:13 CST" duration-ms="3671" status="PASS">
          <params>
            <param index="0">
              <value>
                <![CDATA[musta]]>
              </value>
            </param>
            <param index="1">
              <value>
                <![CDATA[qa]]>
              </value>
            </param>
            <param index="2">
              <value>
                <![CDATA[mustaqa@gmail.com]]>
              </value>
            </param>
            <param index="3">
              <value>
                <![CDATA[94920]]>
              </value>
            </param>
            <param index="4">
              <value>
                <![CDATA[qamusta]]>
              </value>
            </param>
            <param index="5">
              <value>
                <![CDATA[qamusta]]>
              </value>
            </param>
          </params>
          <reporter-output>
          </reporter-output>
        </test-method> <!-- verifyRegisterAccountFunctionality -->
        <test-method is-config="true" signature="tearDown()[pri:0, instance:demo.opencart.testCases.TC002_RegisterAccountTest@7e70bd39]" started-at="2024-02-29T10:38:13 CST" name="tearDown" finished-at="2024-02-29T10:38:14 CST" duration-ms="321" status="PASS">
          <reporter-output>
          </reporter-output>
        </test-method> <!-- tearDown -->
      </class> <!-- demo.opencart.testCases.TC002_RegisterAccountTest -->
    </test> <!-- RegisterAccountTest -->
    <test started-at="2024-02-29T10:38:14 CST" name="LoginTest" finished-at="2024-02-29T10:38:21 CST" duration-ms="7477">
      <class name="demo.opencart.testCases.TC003_LoginTest">
        <test-method is-config="true" signature="setup()[pri:0, instance:demo.opencart.testCases.TC003_LoginTest@388ffbc2]" started-at="2024-02-29T10:38:14 CST" name="setup" finished-at="2024-02-29T10:38:19 CST" duration-ms="5407" status="PASS">
          <reporter-output>
          </reporter-output>
        </test-method> <!-- setup -->
        <test-method signature="verifyLoginFunctionality()[pri:0, instance:demo.opencart.testCases.TC003_LoginTest@388ffbc2]" started-at="2024-02-29T10:38:19 CST" name="verifyLoginFunctionality" finished-at="2024-02-29T10:38:21 CST" duration-ms="1749" status="PASS">
          <reporter-output>
          </reporter-output>
        </test-method> <!-- verifyLoginFunctionality -->
        <test-method is-config="true" signature="tearDown()[pri:0, instance:demo.opencart.testCases.TC003_LoginTest@388ffbc2]" started-at="2024-02-29T10:38:21 CST" name="tearDown" finished-at="2024-02-29T10:38:21 CST" duration-ms="315" status="PASS">
          <reporter-output>
          </reporter-output>
        </test-method> <!-- tearDown -->
      </class> <!-- demo.opencart.testCases.TC003_LoginTest -->
    </test> <!-- LoginTest -->
  </suite> <!-- Register account and Login Suite -->
</testng-results>
